[Message:   BepInEx] BepInEx 5.4.22.0 - Lethal Company (11/11/2023 5:48:26 PM)
[Info   :   BepInEx] Running under Unity v2022.3.9.15351836
[Info   :   BepInEx] CLR runtime version: 4.0.30319.42000
[Info   :   BepInEx] Supports SRE: True
[Info   :   BepInEx] System platform: Bits64, Windows
[Message:   BepInEx] Preloader started
[Info   :   BepInEx] Loaded 1 patcher method from [BepInEx.Preloader 5.4.22.0]
[Info   :   BepInEx] 1 patcher plugin loaded
[Info   :   BepInEx] Patching [UnityEngine.CoreModule] with [BepInEx.Chainloader]
[Message:   BepInEx] Preloader finished
[Message:   BepInEx] Chainloader ready
[Message:   BepInEx] Chainloader started
[Info   :   BepInEx] 17 plugins to load
[Info   :   BepInEx] Loading [AdditionalSuits 1.1.0]
[Info   :ACS.AdditionalSuits] AdditionalSuits - initializing...
[Info   :ACS.AdditionalSuits] AdditionalSuits - initialized!
[Info   :   BepInEx] Loading [ShipLobby 1.0.2]
[Info   :   BepInEx] Loading [ShipLoot 1.0]
[Info   :   BepInEx] Loading [Infinite Sprint 1.0.1]
[Info   :CrazyPlayer55.InfiniteSprint] *Nascar Noises*...
[Info   :   BepInEx] Loading [LetMeLookDown 1.0.1]
[Info   :LetMeLookDown] LetMeLookDown mod loaded
[Info   :   BepInEx] Loading [SkipToMultiplayerMenu 1.0.0]
[Info   :SkipToMultiplayerMenu] SkipToMultiplayerMenu loaded
[Info   :   BepInEx] Loading [HDLethalCompany-Sligili 1.5.3]
[Info   :HDLethalCompany-Sligili] HDLethalCompany loaded
[Info   :   BepInEx] Loading [LC_API 1.0.0]
[Info   :    LC_API] LC-API Starting up..
[Info   :   BepInEx] Loading [MoreCompany 1.7.2]
[Info   :MoreCompany] Loading MoreCompany...
[Info   :MoreCompany] Checking: D:\SteamLibrary\steamapps\common\Lethal Company\BepInEx\plugins/MoreCompanyCosmetics
[Info   :MoreCompany] Read settings and cosmetics
[Info   :MoreCompany] Loaded cosmetic: builtin.3dglasses from bundle
[Info   :MoreCompany] Loaded cosmetic: builtin.bunnyears from bundle
[Info   :MoreCompany] Loaded cosmetic: builtin.denimhat from bundle
[Info   :MoreCompany] Loaded cosmetic: builtin.fancyglasses from bundle
[Info   :MoreCompany] Loaded cosmetic: builtin.partyglasses from bundle
[Info   :MoreCompany] Loaded cosmetic: builtin.gunholster from bundle
[Info   :MoreCompany] Loaded cosmetic: builtin.hardhat from bundle
[Info   :MoreCompany] Loaded cosmetic: builtin.jesterhat from bundle
[Info   :MoreCompany] Loaded cosmetic: builtin.kittyears from bundle
[Info   :MoreCompany] Loaded cosmetic: builtin.mimemask from bundle
[Info   :MoreCompany] Loaded cosmetic: builtin.fancypants from bundle
[Info   :MoreCompany] Loaded cosmetic: builtin.outoforder from bundle
[Info   :MoreCompany] Loaded cosmetic: builtin.partyhat from bundle
[Info   :MoreCompany] Loaded cosmetic: builtin.plaguemask from bundle
[Info   :MoreCompany] Loaded cosmetic: builtin.propellerhat from bundle
[Info   :MoreCompany] Loaded cosmetic: builtin.eyeballs from bundle
[Info   :MoreCompany] Loaded cosmetic: builtin.rudolph from bundle
[Info   :MoreCompany] Loaded cosmetic: builtin.santahat from bundle
[Info   :MoreCompany] Loaded cosmetic: builtin.slimething from bundle
[Info   :MoreCompany] Loaded cosmetic: builtin.tophat from bundle
[Info   :MoreCompany] Loaded cosmetic: builtin.watch from bundle
[Info   :MoreCompany] Loading USER COSMETICS...
[Info   :MoreCompany] Loaded MoreCompany FULLY
[Info   :   BepInEx] Loading [MikesTweaks 1.9.1]
[Info   :MikesTweaks] Plugin mikes.lethalcompany.mikestweaks is loaded!
[Info   :   BepInEx] Loading [MoreEmotes-Sligili 1.1.1]
[Info   :MoreEmotes-Sligili] MoreEmotes loaded
[Info   :   BepInEx] Loading [NightVision 1.0.0]
[Info   :NightVision] NightVision loaded
[Info   :   BepInEx] Loading [Lethal Company GameMaster 1.0.0.0]
[Info   :GameMaster] Loaded GameMaster. Patching.
[Info   :Lethal Company GameMaster] GUILoader loaded.
[Info   :   BepInEx] Loading [Helmet_Cameras 2.1.5]
[Info   :Helmet_Cameras] Plugin Helmet_Cameras is loaded with version 2.1.5!
[Info   :Helmet_Cameras] --------Helmet camera patch done.---------
[Info   :   BepInEx] Loading [Skinwalker Mod 1.0.8]
[Info   :RugbugRedfern.SkinwalkerMod] SKINWALKER MOD STARTING UP 1.0.8
[Info   :RugbugRedfern.SkinwalkerMod] VoiceEnabled_BaboonHawk VALUE LOADED FROM CONFIG: [True]
[Info   :RugbugRedfern.SkinwalkerMod] VoiceEnabled_Bracken VALUE LOADED FROM CONFIG: [True]
[Info   :RugbugRedfern.SkinwalkerMod] VoiceEnabled_BunkerSpider VALUE LOADED FROM CONFIG: [True]
[Info   :RugbugRedfern.SkinwalkerMod] VoiceEnabled_Centipede VALUE LOADED FROM CONFIG: [True]
[Info   :RugbugRedfern.SkinwalkerMod] VoiceEnabled_CoilHead VALUE LOADED FROM CONFIG: [True]
[Info   :RugbugRedfern.SkinwalkerMod] VoiceEnabled_EyelessDog VALUE LOADED FROM CONFIG: [True]
[Info   :RugbugRedfern.SkinwalkerMod] VoiceEnabled_ForestGiant VALUE LOADED FROM CONFIG: [False]
[Info   :RugbugRedfern.SkinwalkerMod] VoiceEnabled_GhostGirl VALUE LOADED FROM CONFIG: [True]
[Info   :RugbugRedfern.SkinwalkerMod] VoiceEnabled_GiantWorm VALUE LOADED FROM CONFIG: [False]
[Info   :RugbugRedfern.SkinwalkerMod] VoiceEnabled_HoardingBug VALUE LOADED FROM CONFIG: [True]
[Info   :RugbugRedfern.SkinwalkerMod] VoiceEnabled_Hygrodere VALUE LOADED FROM CONFIG: [False]
[Info   :RugbugRedfern.SkinwalkerMod] VoiceEnabled_Jester VALUE LOADED FROM CONFIG: [True]
[Info   :RugbugRedfern.SkinwalkerMod] VoiceEnabled_Masked VALUE LOADED FROM CONFIG: [True]
[Info   :RugbugRedfern.SkinwalkerMod] VoiceEnabled_Nutcracker VALUE LOADED FROM CONFIG: [True]
[Info   :RugbugRedfern.SkinwalkerMod] VoiceEnabled_SporeLizard VALUE LOADED FROM CONFIG: [True]
[Info   :RugbugRedfern.SkinwalkerMod] VoiceEnabled_Thumper VALUE LOADED FROM CONFIG: [True]
[Info   :RugbugRedfern.SkinwalkerMod] VoiceLineFrequency VALUE LOADED FROM CONFIG: [1]
[Info   :RugbugRedfern.SkinwalkerMod] Skinwalker Mod Object Initialized
[Info   :   BepInEx] Loading [LC Always Hear Active Walkies 1.4.2]
[Info   :suskitech.LCAlwaysHearActiveWalkie] \ /
[Info   :suskitech.LCAlwaysHearActiveWalkie] /|\
[Info   :suskitech.LCAlwaysHearActiveWalkie]  |----|
[Info   :suskitech.LCAlwaysHearActiveWalkie]  |[__]| Always Hear Active Walkies
[Info   :suskitech.LCAlwaysHearActiveWalkie]  |.  .| Version 1.4.2 Loaded
[Info   :suskitech.LCAlwaysHearActiveWalkie]  |____|
[Info   :   BepInEx] Loading [More Suits 1.4.0]
[Info   :More Suits] Plugin More Suits is loaded!
[Message:   BepInEx] Chainloader startup complete
[Message:    LC_API] BundleAPI will now load all asset bundles...
[Message:    LC_API] BundleAPI got no assets to load, stopping loading!
[Info   :SkipToMultiplayerMenu] Loading GameManager in InitScene.
[Info   :SkipToMultiplayerMenu] Skipping to MainMenu scene.
[Info   :RugbugRedfern.SkinwalkerMod] Audio folder not present. Don't worry about it, it will be created automatically when you play with friends. (D:/SteamLibrary/steamapps/common/Lethal Company/Lethal Company_Data\..\Dissonance_Diagnostics)
[Info   :RugbugRedfern.SkinwalkerMod] Audio folder not present. Don't worry about it, it will be created automatically when you play with friends. (D:/SteamLibrary/steamapps/common/Lethal Company/Lethal Company_Data\..\Dissonance_Diagnostics)
[Info   :RugbugRedfern.SkinwalkerMod] Audio folder not present. Don't worry about it, it will be created automatically when you play with friends. (D:/SteamLibrary/steamapps/common/Lethal Company/Lethal Company_Data\..\Dissonance_Diagnostics)
[Info   :RugbugRedfern.SkinwalkerMod] Audio folder not present. Don't worry about it, it will be created automatically when you play with friends. (D:/SteamLibrary/steamapps/common/Lethal Company/Lethal Company_Data\..\Dissonance_Diagnostics)
[Info   :RugbugRedfern.SkinwalkerMod] Audio folder not present. Don't worry about it, it will be created automatically when you play with friends. (D:/SteamLibrary/steamapps/common/Lethal Company/Lethal Company_Data\..\Dissonance_Diagnostics)
[Info   :RugbugRedfern.SkinwalkerMod] Audio folder not present. Don't worry about it, it will be created automatically when you play with friends. (D:/SteamLibrary/steamapps/common/Lethal Company/Lethal Company_Data\..\Dissonance_Diagnostics)
[Info   :RugbugRedfern.SkinwalkerMod] Audio folder not present. Don't worry about it, it will be created automatically when you play with friends. (D:/SteamLibrary/steamapps/common/Lethal Company/Lethal Company_Data\..\Dissonance_Diagnostics)
[Info   :RugbugRedfern.SkinwalkerMod] Audio folder not present. Don't worry about it, it will be created automatically when you play with friends. (D:/SteamLibrary/steamapps/common/Lethal Company/Lethal Company_Data\..\Dissonance_Diagnostics)
[Info   :RugbugRedfern.SkinwalkerMod] Audio folder not present. Don't worry about it, it will be created automatically when you play with friends. (D:/SteamLibrary/steamapps/common/Lethal Company/Lethal Company_Data\..\Dissonance_Diagnostics)
[Info   :RugbugRedfern.SkinwalkerMod] Audio folder not present. Don't worry about it, it will be created automatically when you play with friends. (D:/SteamLibrary/steamapps/common/Lethal Company/Lethal Company_Data\..\Dissonance_Diagnostics)
[Info   :RugbugRedfern.SkinwalkerMod] Audio folder not present. Don't worry about it, it will be created automatically when you play with friends. (D:/SteamLibrary/steamapps/common/Lethal Company/Lethal Company_Data\..\Dissonance_Diagnostics)
[Info   :RugbugRedfern.SkinwalkerMod] Audio folder not present. Don't worry about it, it will be created automatically when you play with friends. (D:/SteamLibrary/steamapps/common/Lethal Company/Lethal Company_Data\..\Dissonance_Diagnostics)
[Info   :RugbugRedfern.SkinwalkerMod] Audio folder not present. Don't worry about it, it will be created automatically when you play with friends. (D:/SteamLibrary/steamapps/common/Lethal Company/Lethal Company_Data\..\Dissonance_Diagnostics)
[Info   :RugbugRedfern.SkinwalkerMod] Audio folder not present. Don't worry about it, it will be created automatically when you play with friends. (D:/SteamLibrary/steamapps/common/Lethal Company/Lethal Company_Data\..\Dissonance_Diagnostics)
[Info   :RugbugRedfern.SkinwalkerMod] Audio folder not present. Don't worry about it, it will be created automatically when you play with friends. (D:/SteamLibrary/steamapps/common/Lethal Company/Lethal Company_Data\..\Dissonance_Diagnostics)
[Info   :RugbugRedfern.SkinwalkerMod] Audio folder not present. Don't worry about it, it will be created automatically when you play with friends. (D:/SteamLibrary/steamapps/common/Lethal Company/Lethal Company_Data\..\Dissonance_Diagnostics)
[Info   :RugbugRedfern.SkinwalkerMod] Audio folder not present. Don't worry about it, it will be created automatically when you play with friends. (D:/SteamLibrary/steamapps/common/Lethal Company/Lethal Company_Data\..\Dissonance_Diagnostics)
[Info   :RugbugRedfern.SkinwalkerMod] Audio folder not present. Don't worry about it, it will be created automatically when you play with friends. (D:/SteamLibrary/steamapps/common/Lethal Company/Lethal Company_Data\..\Dissonance_Diagnostics)
[Info   :RugbugRedfern.SkinwalkerMod] Audio folder not present. Don't worry about it, it will be created automatically when you play with friends. (D:/SteamLibrary/steamapps/common/Lethal Company/Lethal Company_Data\..\Dissonance_Diagnostics)
[Info   :RugbugRedfern.SkinwalkerMod] Audio folder not present. Don't worry about it, it will be created automatically when you play with friends. (D:/SteamLibrary/steamapps/common/Lethal Company/Lethal Company_Data\..\Dissonance_Diagnostics)
[Info   :RugbugRedfern.SkinwalkerMod] Audio folder not present. Don't worry about it, it will be created automatically when you play with friends. (D:/SteamLibrary/steamapps/common/Lethal Company/Lethal Company_Data\..\Dissonance_Diagnostics)
[Info   :RugbugRedfern.SkinwalkerMod] Audio folder not present. Don't worry about it, it will be created automatically when you play with friends. (D:/SteamLibrary/steamapps/common/Lethal Company/Lethal Company_Data\..\Dissonance_Diagnostics)
[Info   :RugbugRedfern.SkinwalkerMod] Audio folder not present. Don't worry about it, it will be created automatically when you play with friends. (D:/SteamLibrary/steamapps/common/Lethal Company/Lethal Company_Data\..\Dissonance_Diagnostics)
[Info   :RugbugRedfern.SkinwalkerMod] Audio folder not present. Don't worry about it, it will be created automatically when you play with friends. (D:/SteamLibrary/steamapps/common/Lethal Company/Lethal Company_Data\..\Dissonance_Diagnostics)
[Info   :RugbugRedfern.SkinwalkerMod] Audio folder not present. Don't worry about it, it will be created automatically when you play with friends. (D:/SteamLibrary/steamapps/common/Lethal Company/Lethal Company_Data\..\Dissonance_Diagnostics)
